{"uid":"9d25d67788e8caf1","name":"searchTResultTest","fullName":"exampleGooglePage.GooglePageTest.searchTResultTest","historyId":"187c5f2e5cd1ab14d87ebd345d1407cf","time":{"start":1708528257420,"stop":1708528257420,"duration":0},"status":"skipped","statusMessage":"Could not start a new session. Response code 500. Message: session not created: This version of ChromeDriver only supports Chrome version 114\nCurrent browser version is 121.0.6167.184 with binary path /usr/bin/google-chrome \nHost info: host: 'fv-az1493-306', ip: '10.1.0.24'\nBuild info: version: '4.14.1', revision: '03f8ede370'\nSystem info: os.name: 'Linux', os.arch: 'amd64', os.version: '6.2.0-1019-azure', java.version: '17.0.10'\nDriver info: org.openqa.selenium.chrome.ChromeDriver\nCommand: [null, newSession {capabilities=[Capabilities {browserName: chrome, goog:chromeOptions: {args: [--headless, --no-sandbox, --disable-gpu, --disable-dev-shm-usage, --window-size=1920,1080, --remote-allow-origins=*], extensions: []}}]}]","statusTrace":"org.openqa.selenium.SessionNotCreatedException: Could not start a new session. Response code 500. Message: session not created: This version of ChromeDriver only supports Chrome version 114\nCurrent browser version is 121.0.6167.184 with binary path /usr/bin/google-chrome \nHost info: host: 'fv-az1493-306', ip: '10.1.0.24'\nBuild info: version: '4.14.1', revision: '03f8ede370'\nSystem info: os.name: 'Linux', os.arch: 'amd64', os.version: '6.2.0-1019-azure', java.version: '17.0.10'\nDriver info: org.openqa.selenium.chrome.ChromeDriver\nCommand: [null, newSession {capabilities=[Capabilities {browserName: chrome, goog:chromeOptions: {args: [--headless, --no-sandbox, --disable-gpu, --disable-dev-shm-usage, --window-size=1920,1080, --remote-allow-origins=*], extensions: []}}]}]\n\tat org.openqa.selenium.remote.ProtocolHandshake.createSession(ProtocolHandshake.java:140)\n\tat org.openqa.selenium.remote.ProtocolHandshake.createSession(ProtocolHandshake.java:96)\n\tat org.openqa.selenium.remote.ProtocolHandshake.createSession(ProtocolHandshake.java:68)\n\tat org.openqa.selenium.remote.HttpCommandExecutor.execute(HttpCommandExecutor.java:163)\n\tat org.openqa.selenium.remote.service.DriverCommandExecutor.invokeExecute(DriverCommandExecutor.java:200)\n\tat org.openqa.selenium.remote.service.DriverCommandExecutor.execute(DriverCommandExecutor.java:175)\n\tat org.openqa.selenium.remote.RemoteWebDriver.execute(RemoteWebDriver.java:602)\n\tat org.openqa.selenium.remote.RemoteWebDriver.startSession(RemoteWebDriver.java:236)\n\tat org.openqa.selenium.remote.RemoteWebDriver.<init>(RemoteWebDriver.java:163)\n\tat org.openqa.selenium.chromium.ChromiumDriver.<init>(ChromiumDriver.java:108)\n\tat org.openqa.selenium.chrome.ChromeDriver.<init>(ChromeDriver.java:88)\n\tat org.openqa.selenium.chrome.ChromeDriver.<init>(ChromeDriver.java:83)\n\tat org.openqa.selenium.chrome.ChromeDriver.<init>(ChromeDriver.java:72)\n\tat core.BaseSeleniumTest.setUp(BaseSeleniumTest.java:34)\n\tat java.base/jdk.internal.reflect.NativeMethodAccessorImpl.invoke0(Native Method)\n\tat java.base/jdk.internal.reflect.NativeMethodAccessorImpl.invoke(NativeMethodAccessorImpl.java:77)\n\tat java.base/jdk.internal.reflect.DelegatingMethodAccessorImpl.invoke(DelegatingMethodAccessorImpl.java:43)\n\tat java.base/java.lang.reflect.Method.invoke(Method.java:568)\n\tat org.testng.internal.invokers.MethodInvocationHelper.invokeMethod(MethodInvocationHelper.java:139)\n\tat org.testng.internal.invokers.MethodInvocationHelper.invokeMethodConsideringTimeout(MethodInvocationHelper.java:69)\n\tat org.testng.internal.invokers.ConfigInvoker.invokeConfigurationMethod(ConfigInvoker.java:390)\n\tat org.testng.internal.invokers.ConfigInvoker.invokeConfigurations(ConfigInvoker.java:325)\n\tat org.testng.internal.invokers.TestMethodWorker.invokeBeforeClassMethods(TestMethodWorker.java:180)\n\tat org.testng.internal.invokers.TestMethodWorker.run(TestMethodWorker.java:122)\n\tat java.base/java.util.ArrayList.forEach(ArrayList.java:1511)\n\tat org.testng.TestRunner.privateRun(TestRunner.java:848)\n\tat org.testng.TestRunner.run(TestRunner.java:621)\n\tat org.testng.SuiteRunner.runTest(SuiteRunner.java:443)\n\tat org.testng.SuiteRunner.runSequentially(SuiteRunner.java:437)\n\tat org.testng.SuiteRunner.privateRun(SuiteRunner.java:397)\n\tat org.testng.SuiteRunner.run(SuiteRunner.java:336)\n\tat org.testng.SuiteRunnerWorker.runSuite(SuiteRunnerWorker.java:52)\n\tat org.testng.SuiteRunnerWorker.run(SuiteRunnerWorker.java:95)\n\tat org.testng.TestNG.runSuitesSequentially(TestNG.java:1280)\n\tat org.testng.TestNG.runSuitesLocally(TestNG.java:1200)\n\tat org.testng.TestNG.runSuites(TestNG.java:1114)\n\tat org.testng.TestNG.run(TestNG.java:1082)\n\tat org.apache.maven.surefire.testng.TestNGExecutor.run(TestNGExecutor.java:77)\n\tat org.apache.maven.surefire.testng.TestNGDirectoryTestSuite.executeMulti(TestNGDirectoryTestSuite.java:159)\n\tat org.apache.maven.surefire.testng.TestNGDirectoryTestSuite.execute(TestNGDirectoryTestSuite.java:99)\n\tat org.apache.maven.surefire.testng.TestNGProvider.invoke(TestNGProvider.java:106)\n\tat java.base/jdk.internal.reflect.NativeMethodAccessorImpl.invoke0(Native Method)\n\tat java.base/jdk.internal.reflect.NativeMethodAccessorImpl.invoke(NativeMethodAccessorImpl.java:77)\n\tat java.base/jdk.internal.reflect.DelegatingMethodAccessorImpl.invoke(DelegatingMethodAccessorImpl.java:43)\n\tat java.base/java.lang.reflect.Method.invoke(Method.java:568)\n\tat org.apache.maven.surefire.util.ReflectionUtils.invokeMethodWithArray(ReflectionUtils.java:189)\n\tat org.apache.maven.surefire.booter.ProviderFactory$ProviderProxy.invoke(ProviderFactory.java:165)\n\tat org.apache.maven.surefire.booter.ProviderFactory.invokeProvider(ProviderFactory.java:85)\n\tat org.apache.maven.surefire.booter.ForkedBooter.runSuitesInProcess(ForkedBooter.java:115)\n\tat org.apache.maven.surefire.booter.ForkedBooter.main(ForkedBooter.java:75)\n","flaky":false,"newFailed":false,"newBroken":false,"newPassed":false,"retriesCount":0,"retriesStatusChange":false,"beforeStages":[{"name":"setUp","time":{"start":1708528257215,"stop":1708528257412,"duration":197},"description":"","status":"broken","statusMessage":"Could not start a new session. Response code 500. Message: session not created: This version of ChromeDriver only supports Chrome version 114\nCurrent browser version is 121.0.6167.184 with binary path /usr/bin/google-chrome \nHost info: host: 'fv-az1493-306', ip: '10.1.0.24'\nBuild info: version: '4.14.1', revision: '03f8ede370'\nSystem info: os.name: 'Linux', os.arch: 'amd64', os.version: '6.2.0-1019-azure', java.version: '17.0.10'\nDriver info: org.openqa.selenium.chrome.ChromeDriver\nCommand: [null, newSession {capabilities=[Capabilities {browserName: chrome, goog:chromeOptions: {args: [--headless, --no-sandbox, --disable-gpu, --disable-dev-shm-usage, --window-size=1920,1080, --remote-allow-origins=*], extensions: []}}]}]","statusTrace":"org.openqa.selenium.SessionNotCreatedException: Could not start a new session. Response code 500. Message: session not created: This version of ChromeDriver only supports Chrome version 114\nCurrent browser version is 121.0.6167.184 with binary path /usr/bin/google-chrome \nHost info: host: 'fv-az1493-306', ip: '10.1.0.24'\nBuild info: version: '4.14.1', revision: '03f8ede370'\nSystem info: os.name: 'Linux', os.arch: 'amd64', os.version: '6.2.0-1019-azure', java.version: '17.0.10'\nDriver info: org.openqa.selenium.chrome.ChromeDriver\nCommand: [null, newSession {capabilities=[Capabilities {browserName: chrome, goog:chromeOptions: {args: [--headless, --no-sandbox, --disable-gpu, --disable-dev-shm-usage, --window-size=1920,1080, --remote-allow-origins=*], extensions: []}}]}]\n\tat org.openqa.selenium.remote.ProtocolHandshake.createSession(ProtocolHandshake.java:140)\n\tat org.openqa.selenium.remote.ProtocolHandshake.createSession(ProtocolHandshake.java:96)\n\tat org.openqa.selenium.remote.ProtocolHandshake.createSession(ProtocolHandshake.java:68)\n\tat org.openqa.selenium.remote.HttpCommandExecutor.execute(HttpCommandExecutor.java:163)\n\tat org.openqa.selenium.remote.service.DriverCommandExecutor.invokeExecute(DriverCommandExecutor.java:200)\n\tat org.openqa.selenium.remote.service.DriverCommandExecutor.execute(DriverCommandExecutor.java:175)\n\tat org.openqa.selenium.remote.RemoteWebDriver.execute(RemoteWebDriver.java:602)\n\tat org.openqa.selenium.remote.RemoteWebDriver.startSession(RemoteWebDriver.java:236)\n\tat org.openqa.selenium.remote.RemoteWebDriver.<init>(RemoteWebDriver.java:163)\n\tat org.openqa.selenium.chromium.ChromiumDriver.<init>(ChromiumDriver.java:108)\n\tat org.openqa.selenium.chrome.ChromeDriver.<init>(ChromeDriver.java:88)\n\tat org.openqa.selenium.chrome.ChromeDriver.<init>(ChromeDriver.java:83)\n\tat org.openqa.selenium.chrome.ChromeDriver.<init>(ChromeDriver.java:72)\n\tat core.BaseSeleniumTest.setUp(BaseSeleniumTest.java:34)\n\tat java.base/jdk.internal.reflect.NativeMethodAccessorImpl.invoke0(Native Method)\n\tat java.base/jdk.internal.reflect.NativeMethodAccessorImpl.invoke(NativeMethodAccessorImpl.java:77)\n\tat java.base/jdk.internal.reflect.DelegatingMethodAccessorImpl.invoke(DelegatingMethodAccessorImpl.java:43)\n\tat java.base/java.lang.reflect.Method.invoke(Method.java:568)\n\tat org.testng.internal.invokers.MethodInvocationHelper.invokeMethod(MethodInvocationHelper.java:139)\n\tat org.testng.internal.invokers.MethodInvocationHelper.invokeMethodConsideringTimeout(MethodInvocationHelper.java:69)\n\tat org.testng.internal.invokers.ConfigInvoker.invokeConfigurationMethod(ConfigInvoker.java:390)\n\tat org.testng.internal.invokers.ConfigInvoker.invokeConfigurations(ConfigInvoker.java:325)\n\tat org.testng.internal.invokers.TestMethodWorker.invokeBeforeClassMethods(TestMethodWorker.java:180)\n\tat org.testng.internal.invokers.TestMethodWorker.run(TestMethodWorker.java:122)\n\tat java.base/java.util.ArrayList.forEach(ArrayList.java:1511)\n\tat org.testng.TestRunner.privateRun(TestRunner.java:848)\n\tat org.testng.TestRunner.run(TestRunner.java:621)\n\tat org.testng.SuiteRunner.runTest(SuiteRunner.java:443)\n\tat org.testng.SuiteRunner.runSequentially(SuiteRunner.java:437)\n\tat org.testng.SuiteRunner.privateRun(SuiteRunner.java:397)\n\tat org.testng.SuiteRunner.run(SuiteRunner.java:336)\n\tat org.testng.SuiteRunnerWorker.runSuite(SuiteRunnerWorker.java:52)\n\tat org.testng.SuiteRunnerWorker.run(SuiteRunnerWorker.java:95)\n\tat org.testng.TestNG.runSuitesSequentially(TestNG.java:1280)\n\tat org.testng.TestNG.runSuitesLocally(TestNG.java:1200)\n\tat org.testng.TestNG.runSuites(TestNG.java:1114)\n\tat org.testng.TestNG.run(TestNG.java:1082)\n\tat org.apache.maven.surefire.testng.TestNGExecutor.run(TestNGExecutor.java:77)\n\tat org.apache.maven.surefire.testng.TestNGDirectoryTestSuite.executeMulti(TestNGDirectoryTestSuite.java:159)\n\tat org.apache.maven.surefire.testng.TestNGDirectoryTestSuite.execute(TestNGDirectoryTestSuite.java:99)\n\tat org.apache.maven.surefire.testng.TestNGProvider.invoke(TestNGProvider.java:106)\n\tat java.base/jdk.internal.reflect.NativeMethodAccessorImpl.invoke0(Native Method)\n\tat java.base/jdk.internal.reflect.NativeMethodAccessorImpl.invoke(NativeMethodAccessorImpl.java:77)\n\tat java.base/jdk.internal.reflect.DelegatingMethodAccessorImpl.invoke(DelegatingMethodAccessorImpl.java:43)\n\tat java.base/java.lang.reflect.Method.invoke(Method.java:568)\n\tat org.apache.maven.surefire.util.ReflectionUtils.invokeMethodWithArray(ReflectionUtils.java:189)\n\tat org.apache.maven.surefire.booter.ProviderFactory$ProviderProxy.invoke(ProviderFactory.java:165)\n\tat org.apache.maven.surefire.booter.ProviderFactory.invokeProvider(ProviderFactory.java:85)\n\tat org.apache.maven.surefire.booter.ForkedBooter.runSuitesInProcess(ForkedBooter.java:115)\n\tat org.apache.maven.surefire.booter.ForkedBooter.main(ForkedBooter.java:75)\n","steps":[],"attachments":[],"parameters":[],"shouldDisplayMessage":true,"stepsCount":0,"attachmentsCount":0,"hasContent":true,"attachmentStep":false}],"afterStages":[{"name":"tearDown","time":{"start":1708528257421,"stop":1708528257421,"duration":0},"description":"","status":"broken","steps":[],"attachments":[],"parameters":[],"shouldDisplayMessage":false,"stepsCount":0,"attachmentsCount":0,"hasContent":false,"attachmentStep":false}],"labels":[{"name":"package","value":"exampleGooglePage.GooglePageTest"},{"name":"testClass","value":"exampleGooglePage.GooglePageTest"},{"name":"testMethod","value":"searchTResultTest"},{"name":"parentSuite","value":"Command line suite"},{"name":"suite","value":"Command line test"},{"name":"subSuite","value":"exampleGooglePage.GooglePageTest"},{"name":"host","value":"fv-az1493-306"},{"name":"thread","value":"2309@fv-az1493-306.main(1)"},{"name":"framework","value":"testng"},{"name":"language","value":"java"},{"name":"owner","value":"Me"},{"name":"resultFormat","value":"allure2"}],"parameters":[],"links":[],"hidden":false,"retry":false,"extra":{"severity":"normal","owner":"Me","retries":[],"categories":[],"history":{"statistic":{"failed":1,"broken":0,"skipped":2,"passed":18,"unknown":0,"total":21},"items":[{"uid":"a3f2bf0792972808","reportUrl":"https://tryamkin.github.io/PomTests/50//#testresult/a3f2bf0792972808","status":"skipped","statusDetails":"Could not start a new session. Response code 500. Message: session not created: This version of ChromeDriver only supports Chrome version 114\nCurrent browser version is 121.0.6167.184 with binary path /usr/bin/google-chrome \nHost info: host: 'fv-az1498-734', ip: '10.1.0.216'\nBuild info: version: '4.14.1', revision: '03f8ede370'\nSystem info: os.name: 'Linux', os.arch: 'amd64', os.version: '6.2.0-1019-azure', java.version: '17.0.10'\nDriver info: org.openqa.selenium.chrome.ChromeDriver\nCommand: [null, newSession {capabilities=[Capabilities {browserName: chrome, goog:chromeOptions: {args: [--headless, --no-sandbox, --disable-gpu, --disable-dev-shm-usage, --window-size=1920,1080, --remote-allow-origins=*], extensions: []}}]}]","time":{"start":1708527101172,"stop":1708527101172,"duration":0}},{"uid":"99f1680b6e298c95","reportUrl":"https://tryamkin.github.io/PomTests/51//#testresult/99f1680b6e298c95","status":"passed","time":{"start":1707755716532,"stop":1707755716559,"duration":27}},{"uid":"8f1a1ad68eb1b05c","reportUrl":"https://tryamkin.github.io/PomTests/50//#testresult/8f1a1ad68eb1b05c","status":"passed","time":{"start":1707733023824,"stop":1707733023846,"duration":22}},{"uid":"8e03758a673ead74","reportUrl":"https://tryamkin.github.io/PomTests/49//#testresult/8e03758a673ead74","status":"passed","time":{"start":1707732732309,"stop":1707732732331,"duration":22}},{"uid":"bbc530eb02481d32","reportUrl":"https://tryamkin.github.io/PomTests/48//#testresult/bbc530eb02481d32","status":"passed","time":{"start":1702233002433,"stop":1702233002460,"duration":27}},{"uid":"92e427bec361ffcb","reportUrl":"https://tryamkin.github.io/PomTests/47//#testresult/92e427bec361ffcb","status":"passed","time":{"start":1702232169263,"stop":1702232169288,"duration":25}},{"uid":"54d0b9eb2ec218fb","reportUrl":"https://tryamkin.github.io/PomTests/46//#testresult/54d0b9eb2ec218fb","status":"passed","time":{"start":1702231287446,"stop":1702231287471,"duration":25}},{"uid":"97780a3488f730db","reportUrl":"https://tryamkin.github.io/PomTests/45//#testresult/97780a3488f730db","status":"passed","time":{"start":1702229817957,"stop":1702229817981,"duration":24}},{"uid":"5819323bd97b5abf","reportUrl":"https://tryamkin.github.io/PomTests/44//#testresult/5819323bd97b5abf","status":"passed","time":{"start":1701615105516,"stop":1701615105542,"duration":26}},{"uid":"5a88abb38feca1d","reportUrl":"https://tryamkin.github.io/PomTests/43//#testresult/5a88abb38feca1d","status":"passed","time":{"start":1701608993832,"stop":1701608993859,"duration":27}},{"uid":"e3b52d9d364ed842","reportUrl":"https://tryamkin.github.io/PomTests/42//#testresult/e3b52d9d364ed842","status":"passed","time":{"start":1701449003911,"stop":1701449003934,"duration":23}},{"uid":"46ce2106ff8d90ec","reportUrl":"https://tryamkin.github.io/PomTests/42//#testresult/46ce2106ff8d90ec","status":"passed","time":{"start":1701171555625,"stop":1701171555650,"duration":25}},{"uid":"b1e7d6b39598d176","reportUrl":"https://tryamkin.github.io/PomTests/41//#testresult/b1e7d6b39598d176","status":"passed","time":{"start":1701109023144,"stop":1701109023178,"duration":34}},{"uid":"2009c8f83f8408c4","reportUrl":"https://tryamkin.github.io/PomTests/40//#testresult/2009c8f83f8408c4","status":"passed","time":{"start":1701107926375,"stop":1701107926398,"duration":23}},{"uid":"14d800e5053946d9","reportUrl":"https://tryamkin.github.io/PomTests/39//#testresult/14d800e5053946d9","status":"passed","time":{"start":1701103792524,"stop":1701103792549,"duration":25}},{"uid":"25470a0799906738","reportUrl":"https://tryamkin.github.io/PomTests/38//#testresult/25470a0799906738","status":"passed","time":{"start":1701103250598,"stop":1701103250622,"duration":24}},{"uid":"8fd2ce9db0fba6f9","reportUrl":"https://tryamkin.github.io/PomTests/37//#testresult/8fd2ce9db0fba6f9","status":"failed","statusDetails":"expected [true] but found [false]","time":{"start":1701102726670,"stop":1701102726701,"duration":31}},{"uid":"cd60a257994cd1b9","reportUrl":"https://tryamkin.github.io/PomTests/36//#testresult/cd60a257994cd1b9","status":"passed","time":{"start":1701102510411,"stop":1701102510438,"duration":27}},{"uid":"9fe5987e89363466","reportUrl":"https://tryamkin.github.io/PomTests/35//#testresult/9fe5987e89363466","status":"passed","time":{"start":1701099000512,"stop":1701099000559,"duration":47}},{"uid":"dcc20641e5a87e3","reportUrl":"https://tryamkin.github.io/PomTests/34//#testresult/dcc20641e5a87e3","status":"passed","time":{"start":1701099000512,"stop":1701099000559,"duration":47}}]},"tags":[]},"source":"9d25d67788e8caf1.json","parameterValues":[]}