{"uid":"cb7cf6b4264ca982","name":"searchTResultTest","fullName":"exampleForYourSite.GooglePageTest.searchTResultTest","historyId":"8028196973f3157cb4f5208b121612e2","time":{"start":1708527100773,"stop":1708527100774,"duration":1},"status":"skipped","statusMessage":"Could not start a new session. Response code 500. Message: session not created: This version of ChromeDriver only supports Chrome version 114\nCurrent browser version is 121.0.6167.184 with binary path /usr/bin/google-chrome \nHost info: host: 'fv-az1498-734', ip: '10.1.0.216'\nBuild info: version: '4.14.1', revision: '03f8ede370'\nSystem info: os.name: 'Linux', os.arch: 'amd64', os.version: '6.2.0-1019-azure', java.version: '17.0.10'\nDriver info: org.openqa.selenium.chrome.ChromeDriver\nCommand: [null, newSession {capabilities=[Capabilities {browserName: chrome, goog:chromeOptions: {args: [--headless, --no-sandbox, --disable-gpu, --disable-dev-shm-usage, --window-size=1920,1080, --remote-allow-origins=*], extensions: []}}]}]","statusTrace":"org.openqa.selenium.SessionNotCreatedException: Could not start a new session. Response code 500. Message: session not created: This version of ChromeDriver only supports Chrome version 114\nCurrent browser version is 121.0.6167.184 with binary path /usr/bin/google-chrome \nHost info: host: 'fv-az1498-734', ip: '10.1.0.216'\nBuild info: version: '4.14.1', revision: '03f8ede370'\nSystem info: os.name: 'Linux', os.arch: 'amd64', os.version: '6.2.0-1019-azure', java.version: '17.0.10'\nDriver info: org.openqa.selenium.chrome.ChromeDriver\nCommand: [null, newSession {capabilities=[Capabilities {browserName: chrome, goog:chromeOptions: {args: [--headless, --no-sandbox, --disable-gpu, --disable-dev-shm-usage, --window-size=1920,1080, --remote-allow-origins=*], extensions: []}}]}]\n\tat org.openqa.selenium.remote.ProtocolHandshake.createSession(ProtocolHandshake.java:140)\n\tat org.openqa.selenium.remote.ProtocolHandshake.createSession(ProtocolHandshake.java:96)\n\tat org.openqa.selenium.remote.ProtocolHandshake.createSession(ProtocolHandshake.java:68)\n\tat org.openqa.selenium.remote.HttpCommandExecutor.execute(HttpCommandExecutor.java:163)\n\tat org.openqa.selenium.remote.service.DriverCommandExecutor.invokeExecute(DriverCommandExecutor.java:200)\n\tat org.openqa.selenium.remote.service.DriverCommandExecutor.execute(DriverCommandExecutor.java:175)\n\tat org.openqa.selenium.remote.RemoteWebDriver.execute(RemoteWebDriver.java:602)\n\tat org.openqa.selenium.remote.RemoteWebDriver.startSession(RemoteWebDriver.java:236)\n\tat org.openqa.selenium.remote.RemoteWebDriver.<init>(RemoteWebDriver.java:163)\n\tat org.openqa.selenium.chromium.ChromiumDriver.<init>(ChromiumDriver.java:108)\n\tat org.openqa.selenium.chrome.ChromeDriver.<init>(ChromeDriver.java:88)\n\tat org.openqa.selenium.chrome.ChromeDriver.<init>(ChromeDriver.java:83)\n\tat org.openqa.selenium.chrome.ChromeDriver.<init>(ChromeDriver.java:72)\n\tat core.BaseSeleniumTest.setUp(BaseSeleniumTest.java:34)\n\tat java.base/jdk.internal.reflect.NativeMethodAccessorImpl.invoke0(Native Method)\n\tat java.base/jdk.internal.reflect.NativeMethodAccessorImpl.invoke(NativeMethodAccessorImpl.java:77)\n\tat java.base/jdk.internal.reflect.DelegatingMethodAccessorImpl.invoke(DelegatingMethodAccessorImpl.java:43)\n\tat java.base/java.lang.reflect.Method.invoke(Method.java:568)\n\tat org.testng.internal.invokers.MethodInvocationHelper.invokeMethod(MethodInvocationHelper.java:139)\n\tat org.testng.internal.invokers.MethodInvocationHelper.invokeMethodConsideringTimeout(MethodInvocationHelper.java:69)\n\tat org.testng.internal.invokers.ConfigInvoker.invokeConfigurationMethod(ConfigInvoker.java:390)\n\tat org.testng.internal.invokers.ConfigInvoker.invokeConfigurations(ConfigInvoker.java:325)\n\tat org.testng.internal.invokers.TestMethodWorker.invokeBeforeClassMethods(TestMethodWorker.java:180)\n\tat org.testng.internal.invokers.TestMethodWorker.run(TestMethodWorker.java:122)\n\tat java.base/java.util.ArrayList.forEach(ArrayList.java:1511)\n\tat org.testng.TestRunner.privateRun(TestRunner.java:848)\n\tat org.testng.TestRunner.run(TestRunner.java:621)\n\tat org.testng.SuiteRunner.runTest(SuiteRunner.java:443)\n\tat org.testng.SuiteRunner.runSequentially(SuiteRunner.java:437)\n\tat org.testng.SuiteRunner.privateRun(SuiteRunner.java:397)\n\tat org.testng.SuiteRunner.run(SuiteRunner.java:336)\n\tat org.testng.SuiteRunnerWorker.runSuite(SuiteRunnerWorker.java:52)\n\tat org.testng.SuiteRunnerWorker.run(SuiteRunnerWorker.java:95)\n\tat org.testng.TestNG.runSuitesSequentially(TestNG.java:1280)\n\tat org.testng.TestNG.runSuitesLocally(TestNG.java:1200)\n\tat org.testng.TestNG.runSuites(TestNG.java:1114)\n\tat org.testng.TestNG.run(TestNG.java:1082)\n\tat org.apache.maven.surefire.testng.TestNGExecutor.run(TestNGExecutor.java:77)\n\tat org.apache.maven.surefire.testng.TestNGDirectoryTestSuite.executeMulti(TestNGDirectoryTestSuite.java:159)\n\tat org.apache.maven.surefire.testng.TestNGDirectoryTestSuite.execute(TestNGDirectoryTestSuite.java:99)\n\tat org.apache.maven.surefire.testng.TestNGProvider.invoke(TestNGProvider.java:106)\n\tat java.base/jdk.internal.reflect.NativeMethodAccessorImpl.invoke0(Native Method)\n\tat java.base/jdk.internal.reflect.NativeMethodAccessorImpl.invoke(NativeMethodAccessorImpl.java:77)\n\tat java.base/jdk.internal.reflect.DelegatingMethodAccessorImpl.invoke(DelegatingMethodAccessorImpl.java:43)\n\tat java.base/java.lang.reflect.Method.invoke(Method.java:568)\n\tat org.apache.maven.surefire.util.ReflectionUtils.invokeMethodWithArray(ReflectionUtils.java:189)\n\tat org.apache.maven.surefire.booter.ProviderFactory$ProviderProxy.invoke(ProviderFactory.java:165)\n\tat org.apache.maven.surefire.booter.ProviderFactory.invokeProvider(ProviderFactory.java:85)\n\tat org.apache.maven.surefire.booter.ForkedBooter.runSuitesInProcess(ForkedBooter.java:115)\n\tat org.apache.maven.surefire.booter.ForkedBooter.main(ForkedBooter.java:75)\n","flaky":false,"newFailed":false,"newBroken":false,"newPassed":false,"retriesCount":1,"retriesStatusChange":true,"beforeStages":[{"name":"setUp","time":{"start":1708527100439,"stop":1708527100741,"duration":302},"description":"","status":"broken","statusMessage":"Could not start a new session. Response code 500. Message: session not created: This version of ChromeDriver only supports Chrome version 114\nCurrent browser version is 121.0.6167.184 with binary path /usr/bin/google-chrome \nHost info: host: 'fv-az1498-734', ip: '10.1.0.216'\nBuild info: version: '4.14.1', revision: '03f8ede370'\nSystem info: os.name: 'Linux', os.arch: 'amd64', os.version: '6.2.0-1019-azure', java.version: '17.0.10'\nDriver info: org.openqa.selenium.chrome.ChromeDriver\nCommand: [null, newSession {capabilities=[Capabilities {browserName: chrome, goog:chromeOptions: {args: [--headless, --no-sandbox, --disable-gpu, --disable-dev-shm-usage, --window-size=1920,1080, --remote-allow-origins=*], extensions: []}}]}]","statusTrace":"org.openqa.selenium.SessionNotCreatedException: Could not start a new session. Response code 500. Message: session not created: This version of ChromeDriver only supports Chrome version 114\nCurrent browser version is 121.0.6167.184 with binary path /usr/bin/google-chrome \nHost info: host: 'fv-az1498-734', ip: '10.1.0.216'\nBuild info: version: '4.14.1', revision: '03f8ede370'\nSystem info: os.name: 'Linux', os.arch: 'amd64', os.version: '6.2.0-1019-azure', java.version: '17.0.10'\nDriver info: org.openqa.selenium.chrome.ChromeDriver\nCommand: [null, newSession {capabilities=[Capabilities {browserName: chrome, goog:chromeOptions: {args: [--headless, --no-sandbox, --disable-gpu, --disable-dev-shm-usage, --window-size=1920,1080, --remote-allow-origins=*], extensions: []}}]}]\n\tat org.openqa.selenium.remote.ProtocolHandshake.createSession(ProtocolHandshake.java:140)\n\tat org.openqa.selenium.remote.ProtocolHandshake.createSession(ProtocolHandshake.java:96)\n\tat org.openqa.selenium.remote.ProtocolHandshake.createSession(ProtocolHandshake.java:68)\n\tat org.openqa.selenium.remote.HttpCommandExecutor.execute(HttpCommandExecutor.java:163)\n\tat org.openqa.selenium.remote.service.DriverCommandExecutor.invokeExecute(DriverCommandExecutor.java:200)\n\tat org.openqa.selenium.remote.service.DriverCommandExecutor.execute(DriverCommandExecutor.java:175)\n\tat org.openqa.selenium.remote.RemoteWebDriver.execute(RemoteWebDriver.java:602)\n\tat org.openqa.selenium.remote.RemoteWebDriver.startSession(RemoteWebDriver.java:236)\n\tat org.openqa.selenium.remote.RemoteWebDriver.<init>(RemoteWebDriver.java:163)\n\tat org.openqa.selenium.chromium.ChromiumDriver.<init>(ChromiumDriver.java:108)\n\tat org.openqa.selenium.chrome.ChromeDriver.<init>(ChromeDriver.java:88)\n\tat org.openqa.selenium.chrome.ChromeDriver.<init>(ChromeDriver.java:83)\n\tat org.openqa.selenium.chrome.ChromeDriver.<init>(ChromeDriver.java:72)\n\tat core.BaseSeleniumTest.setUp(BaseSeleniumTest.java:34)\n\tat java.base/jdk.internal.reflect.NativeMethodAccessorImpl.invoke0(Native Method)\n\tat java.base/jdk.internal.reflect.NativeMethodAccessorImpl.invoke(NativeMethodAccessorImpl.java:77)\n\tat java.base/jdk.internal.reflect.DelegatingMethodAccessorImpl.invoke(DelegatingMethodAccessorImpl.java:43)\n\tat java.base/java.lang.reflect.Method.invoke(Method.java:568)\n\tat org.testng.internal.invokers.MethodInvocationHelper.invokeMethod(MethodInvocationHelper.java:139)\n\tat org.testng.internal.invokers.MethodInvocationHelper.invokeMethodConsideringTimeout(MethodInvocationHelper.java:69)\n\tat org.testng.internal.invokers.ConfigInvoker.invokeConfigurationMethod(ConfigInvoker.java:390)\n\tat org.testng.internal.invokers.ConfigInvoker.invokeConfigurations(ConfigInvoker.java:325)\n\tat org.testng.internal.invokers.TestMethodWorker.invokeBeforeClassMethods(TestMethodWorker.java:180)\n\tat org.testng.internal.invokers.TestMethodWorker.run(TestMethodWorker.java:122)\n\tat java.base/java.util.ArrayList.forEach(ArrayList.java:1511)\n\tat org.testng.TestRunner.privateRun(TestRunner.java:848)\n\tat org.testng.TestRunner.run(TestRunner.java:621)\n\tat org.testng.SuiteRunner.runTest(SuiteRunner.java:443)\n\tat org.testng.SuiteRunner.runSequentially(SuiteRunner.java:437)\n\tat org.testng.SuiteRunner.privateRun(SuiteRunner.java:397)\n\tat org.testng.SuiteRunner.run(SuiteRunner.java:336)\n\tat org.testng.SuiteRunnerWorker.runSuite(SuiteRunnerWorker.java:52)\n\tat org.testng.SuiteRunnerWorker.run(SuiteRunnerWorker.java:95)\n\tat org.testng.TestNG.runSuitesSequentially(TestNG.java:1280)\n\tat org.testng.TestNG.runSuitesLocally(TestNG.java:1200)\n\tat org.testng.TestNG.runSuites(TestNG.java:1114)\n\tat org.testng.TestNG.run(TestNG.java:1082)\n\tat org.apache.maven.surefire.testng.TestNGExecutor.run(TestNGExecutor.java:77)\n\tat org.apache.maven.surefire.testng.TestNGDirectoryTestSuite.executeMulti(TestNGDirectoryTestSuite.java:159)\n\tat org.apache.maven.surefire.testng.TestNGDirectoryTestSuite.execute(TestNGDirectoryTestSuite.java:99)\n\tat org.apache.maven.surefire.testng.TestNGProvider.invoke(TestNGProvider.java:106)\n\tat java.base/jdk.internal.reflect.NativeMethodAccessorImpl.invoke0(Native Method)\n\tat java.base/jdk.internal.reflect.NativeMethodAccessorImpl.invoke(NativeMethodAccessorImpl.java:77)\n\tat java.base/jdk.internal.reflect.DelegatingMethodAccessorImpl.invoke(DelegatingMethodAccessorImpl.java:43)\n\tat java.base/java.lang.reflect.Method.invoke(Method.java:568)\n\tat org.apache.maven.surefire.util.ReflectionUtils.invokeMethodWithArray(ReflectionUtils.java:189)\n\tat org.apache.maven.surefire.booter.ProviderFactory$ProviderProxy.invoke(ProviderFactory.java:165)\n\tat org.apache.maven.surefire.booter.ProviderFactory.invokeProvider(ProviderFactory.java:85)\n\tat org.apache.maven.surefire.booter.ForkedBooter.runSuitesInProcess(ForkedBooter.java:115)\n\tat org.apache.maven.surefire.booter.ForkedBooter.main(ForkedBooter.java:75)\n","steps":[],"attachments":[],"parameters":[],"shouldDisplayMessage":true,"stepsCount":0,"attachmentsCount":0,"hasContent":true,"attachmentStep":false}],"afterStages":[{"name":"tearDown","time":{"start":1708527100775,"stop":1708527100776,"duration":1},"description":"","status":"broken","steps":[],"attachments":[],"parameters":[],"shouldDisplayMessage":false,"stepsCount":0,"attachmentsCount":0,"hasContent":false,"attachmentStep":false}],"labels":[{"name":"package","value":"exampleForYourSite.GooglePageTest"},{"name":"testClass","value":"exampleForYourSite.GooglePageTest"},{"name":"testMethod","value":"searchTResultTest"},{"name":"parentSuite","value":"Command line suite"},{"name":"suite","value":"Command line test"},{"name":"subSuite","value":"exampleForYourSite.GooglePageTest"},{"name":"host","value":"fv-az1498-734"},{"name":"thread","value":"2268@fv-az1498-734.main(1)"},{"name":"framework","value":"testng"},{"name":"language","value":"java"},{"name":"resultFormat","value":"allure2"}],"parameters":[],"links":[],"hidden":false,"retry":false,"extra":{"severity":"normal","retries":[{"uid":"e35c96de8d34e5d1","status":"passed","time":{"start":1701608905219,"stop":1701608910438,"duration":5219}}],"categories":[],"history":{"statistic":{"failed":0,"broken":1,"skipped":1,"passed":18,"unknown":0,"total":20},"items":[{"uid":"9f176a0df240c6a3","reportUrl":"https://tryamkin.github.io/PomTests/51//#testresult/9f176a0df240c6a3","status":"passed","time":{"start":1707755711287,"stop":1707755713306,"duration":2019}},{"uid":"f38d6ccd4accd42","reportUrl":"https://tryamkin.github.io/PomTests/50//#testresult/f38d6ccd4accd42","status":"passed","time":{"start":1707733019710,"stop":1707733021233,"duration":1523}},{"uid":"a520babdf98788fd","reportUrl":"https://tryamkin.github.io/PomTests/49//#testresult/a520babdf98788fd","status":"broken","statusDetails":"begin 0, end 10, length 0","time":{"start":1707732728491,"stop":1707732729849,"duration":1358}},{"uid":"3c45eb78dd466431","reportUrl":"https://tryamkin.github.io/PomTests/48//#testresult/3c45eb78dd466431","status":"passed","time":{"start":1702233012269,"stop":1702233013983,"duration":1714}},{"uid":"a44f7cb989ea67b6","reportUrl":"https://tryamkin.github.io/PomTests/47//#testresult/a44f7cb989ea67b6","status":"passed","time":{"start":1702232178617,"stop":1702232180314,"duration":1697}},{"uid":"20004e46fad2805c","reportUrl":"https://tryamkin.github.io/PomTests/46//#testresult/20004e46fad2805c","status":"passed","time":{"start":1702231296127,"stop":1702231297586,"duration":1459}},{"uid":"cecacf2b135887fd","reportUrl":"https://tryamkin.github.io/PomTests/45//#testresult/cecacf2b135887fd","status":"passed","time":{"start":1702229827098,"stop":1702229828724,"duration":1626}},{"uid":"7680cfe31a1ca815","reportUrl":"https://tryamkin.github.io/PomTests/44//#testresult/7680cfe31a1ca815","status":"passed","time":{"start":1701615098301,"stop":1701615100216,"duration":1915}},{"uid":"e2955e7b54fa27b5","reportUrl":"https://tryamkin.github.io/PomTests/43//#testresult/e2955e7b54fa27b5","status":"passed","time":{"start":1701608988345,"stop":1701608990336,"duration":1991}},{"uid":"2e401efdd5caac01","reportUrl":"https://tryamkin.github.io/PomTests/42//#testresult/2e401efdd5caac01","status":"passed","time":{"start":1701448999129,"stop":1701449000432,"duration":1303}},{"uid":"b367d4e4b6d772f8","reportUrl":"https://tryamkin.github.io/PomTests/42//#testresult/b367d4e4b6d772f8","status":"passed","time":{"start":1701171551595,"stop":1701171552843,"duration":1248}},{"uid":"812ef55ea037de7f","reportUrl":"https://tryamkin.github.io/PomTests/41//#testresult/812ef55ea037de7f","status":"passed","time":{"start":1701109020228,"stop":1701109020480,"duration":252}},{"uid":"6a3ce21ce9d6178b","reportUrl":"https://tryamkin.github.io/PomTests/40//#testresult/6a3ce21ce9d6178b","status":"passed","time":{"start":1701107923858,"stop":1701107924055,"duration":197}},{"uid":"38e282bb2b8eda9e","reportUrl":"https://tryamkin.github.io/PomTests/39//#testresult/38e282bb2b8eda9e","status":"passed","time":{"start":1701103789691,"stop":1701103789748,"duration":57}},{"uid":"3172c6f537c21b59","reportUrl":"https://tryamkin.github.io/PomTests/38//#testresult/3172c6f537c21b59","status":"passed","time":{"start":1701103247160,"stop":1701103247200,"duration":40}},{"uid":"6623414e1ac02284","reportUrl":"https://tryamkin.github.io/PomTests/37//#testresult/6623414e1ac02284","status":"passed","time":{"start":1701102724052,"stop":1701102724089,"duration":37}},{"uid":"24c32a2f85c539e2","reportUrl":"https://tryamkin.github.io/PomTests/36//#testresult/24c32a2f85c539e2","status":"passed","time":{"start":1701102507657,"stop":1701102507701,"duration":44}},{"uid":"e888fe044ddb3ef1","reportUrl":"https://tryamkin.github.io/PomTests/35//#testresult/e888fe044ddb3ef1","status":"passed","time":{"start":1701097744176,"stop":1701097744247,"duration":71}},{"uid":"50734bc4e501faf6","reportUrl":"https://tryamkin.github.io/PomTests/34//#testresult/50734bc4e501faf6","status":"passed","time":{"start":1701097744176,"stop":1701097744247,"duration":71}}]},"tags":[]},"source":"cb7cf6b4264ca982.json","parameterValues":[]}